{"/Users/tnguyen/dsa.js/lib/node.js":{"path":"/Users/tnguyen/dsa.js/lib/node.js","s":{"1":1,"2":8,"3":8,"4":8,"5":23,"6":8,"7":21,"8":8,"9":16,"10":8,"11":1,"12":8,"13":8,"14":1},"b":{"1":[8,0],"2":[8,8]},"f":{"1":8,"2":23,"3":21,"4":16,"5":1,"6":8},"fnMap":{"1":{"name":"(anonymous_1)","line":3,"loc":{"start":{"line":3,"column":11},"end":{"line":3,"column":32}}},"2":{"name":"(anonymous_2)","line":8,"loc":{"start":{"line":8,"column":16},"end":{"line":8,"column":26}}},"3":{"name":"(anonymous_3)","line":12,"loc":{"start":{"line":12,"column":17},"end":{"line":12,"column":27}}},"4":{"name":"(anonymous_4)","line":16,"loc":{"start":{"line":16,"column":16},"end":{"line":16,"column":26}}},"5":{"name":"(anonymous_5)","line":20,"loc":{"start":{"line":20,"column":17},"end":{"line":20,"column":32}}},"6":{"name":"(anonymous_6)","line":24,"loc":{"start":{"line":24,"column":16},"end":{"line":24,"column":31}}}},"statementMap":{"1":{"start":{"line":3,"column":0},"end":{"line":27,"column":1}},"2":{"start":{"line":5,"column":1},"end":{"line":5,"column":28}},"3":{"start":{"line":6,"column":1},"end":{"line":6,"column":26}},"4":{"start":{"line":8,"column":1},"end":{"line":10,"column":2}},"5":{"start":{"line":9,"column":2},"end":{"line":9,"column":28}},"6":{"start":{"line":12,"column":1},"end":{"line":14,"column":2}},"7":{"start":{"line":13,"column":2},"end":{"line":13,"column":20}},"8":{"start":{"line":16,"column":1},"end":{"line":18,"column":2}},"9":{"start":{"line":17,"column":2},"end":{"line":17,"column":19}},"10":{"start":{"line":20,"column":1},"end":{"line":22,"column":2}},"11":{"start":{"line":21,"column":2},"end":{"line":21,"column":21}},"12":{"start":{"line":24,"column":1},"end":{"line":26,"column":2}},"13":{"start":{"line":25,"column":2},"end":{"line":25,"column":20}},"14":{"start":{"line":29,"column":0},"end":{"line":29,"column":22}}},"branchMap":{"1":{"line":5,"type":"binary-expr","locations":[{"start":{"line":5,"column":14},"end":{"line":5,"column":19}},{"start":{"line":5,"column":23},"end":{"line":5,"column":27}}]},"2":{"line":6,"type":"binary-expr","locations":[{"start":{"line":6,"column":13},"end":{"line":6,"column":17}},{"start":{"line":6,"column":21},"end":{"line":6,"column":25}}]}}},"/Users/tnguyen/dsa.js/lib/queue.js":{"path":"/Users/tnguyen/dsa.js/lib/queue.js","s":{"1":1,"2":1,"3":1,"4":1,"5":1,"6":2,"7":1,"8":11,"9":1,"10":1,"11":1,"12":0,"13":1,"14":0,"15":1,"16":5,"17":1,"18":3,"19":3,"20":1},"b":{},"f":{"1":1,"2":2,"3":11,"4":1,"5":0,"6":0,"7":5,"8":3},"fnMap":{"1":{"name":"Queue","line":6,"loc":{"start":{"line":6,"column":0},"end":{"line":6,"column":16}}},"2":{"name":"(anonymous_2)","line":8,"loc":{"start":{"line":8,"column":16},"end":{"line":8,"column":26}}},"3":{"name":"(anonymous_3)","line":12,"loc":{"start":{"line":12,"column":16},"end":{"line":12,"column":30}}},"4":{"name":"(anonymous_4)","line":15,"loc":{"start":{"line":15,"column":13},"end":{"line":15,"column":23}}},"5":{"name":"(anonymous_5)","line":18,"loc":{"start":{"line":18,"column":13},"end":{"line":18,"column":23}}},"6":{"name":"(anonymous_6)","line":21,"loc":{"start":{"line":21,"column":16},"end":{"line":21,"column":26}}},"7":{"name":"(anonymous_7)","line":24,"loc":{"start":{"line":24,"column":15},"end":{"line":24,"column":25}}},"8":{"name":"(anonymous_8)","line":27,"loc":{"start":{"line":27,"column":14},"end":{"line":27,"column":24}}}},"statementMap":{"1":{"start":{"line":3,"column":0},"end":{"line":3,"column":18}},"2":{"start":{"line":4,"column":0},"end":{"line":4,"column":18}},"3":{"start":{"line":6,"column":0},"end":{"line":31,"column":1}},"4":{"start":{"line":7,"column":1},"end":{"line":7,"column":26}},"5":{"start":{"line":8,"column":1},"end":{"line":11,"column":3}},"6":{"start":{"line":10,"column":2},"end":{"line":10,"column":28}},"7":{"start":{"line":12,"column":1},"end":{"line":14,"column":3}},"8":{"start":{"line":13,"column":2},"end":{"line":13,"column":31}},"9":{"start":{"line":15,"column":1},"end":{"line":17,"column":2}},"10":{"start":{"line":16,"column":2},"end":{"line":16,"column":23}},"11":{"start":{"line":18,"column":1},"end":{"line":20,"column":3}},"12":{"start":{"line":19,"column":2},"end":{"line":19,"column":27}},"13":{"start":{"line":21,"column":1},"end":{"line":23,"column":2}},"14":{"start":{"line":22,"column":2},"end":{"line":22,"column":35}},"15":{"start":{"line":24,"column":1},"end":{"line":26,"column":3}},"16":{"start":{"line":25,"column":2},"end":{"line":25,"column":20}},"17":{"start":{"line":27,"column":1},"end":{"line":30,"column":2}},"18":{"start":{"line":28,"column":2},"end":{"line":28,"column":18}},"19":{"start":{"line":29,"column":2},"end":{"line":29,"column":20}},"20":{"start":{"line":33,"column":0},"end":{"line":33,"column":23}}},"branchMap":{}},"/Users/tnguyen/dsa.js/lib/util.js":{"path":"/Users/tnguyen/dsa.js/lib/util.js","s":{"1":1,"2":0,"3":1},"b":{},"f":{"1":0},"fnMap":{"1":{"name":"Util","line":3,"loc":{"start":{"line":3,"column":0},"end":{"line":3,"column":15}}}},"statementMap":{"1":{"start":{"line":3,"column":0},"end":{"line":5,"column":1}},"2":{"start":{"line":4,"column":1},"end":{"line":4,"column":8}},"3":{"start":{"line":7,"column":0},"end":{"line":7,"column":22}}},"branchMap":{}},"/Users/tnguyen/dsa.js/lib/list.js":{"path":"/Users/tnguyen/dsa.js/lib/list.js","s":{},"b":{},"f":{},"fnMap":{},"statementMap":{},"branchMap":{}},"/Users/tnguyen/dsa.js/lib/singly-linked-list.js":{"path":"/Users/tnguyen/dsa.js/lib/singly-linked-list.js","s":{"1":1,"2":1,"3":2,"4":2,"5":2,"6":1,"7":2,"8":4,"9":4,"10":4,"11":4,"12":2,"13":3,"14":3,"15":2,"16":2,"17":2,"18":2,"19":1,"20":1,"21":2,"22":2,"23":2,"24":3,"25":2,"26":1,"27":1,"28":1,"29":2,"30":6,"31":6,"32":6,"33":6,"34":11,"35":11,"36":6,"37":6,"38":1},"b":{"1":[2,1],"2":[1,0],"3":[6,0]},"f":{"1":2,"2":1,"3":4,"4":3,"5":2,"6":3,"7":1,"8":6},"fnMap":{"1":{"name":"(anonymous_1)","line":8,"loc":{"start":{"line":8,"column":23},"end":{"line":8,"column":34}}},"2":{"name":"(anonymous_2)","line":13,"loc":{"start":{"line":13,"column":16},"end":{"line":13,"column":26}}},"3":{"name":"(anonymous_3)","line":17,"loc":{"start":{"line":17,"column":17},"end":{"line":17,"column":31}}},"4":{"name":"(anonymous_4)","line":24,"loc":{"start":{"line":24,"column":16},"end":{"line":24,"column":30}}},"5":{"name":"(anonymous_5)","line":39,"loc":{"start":{"line":39,"column":17},"end":{"line":39,"column":27}}},"6":{"name":"(anonymous_6)","line":43,"loc":{"start":{"line":43,"column":16},"end":{"line":43,"column":26}}},"7":{"name":"(anonymous_7)","line":48,"loc":{"start":{"line":48,"column":20},"end":{"line":48,"column":30}}},"8":{"name":"(anonymous_8)","line":56,"loc":{"start":{"line":56,"column":16},"end":{"line":56,"column":26}}}},"statementMap":{"1":{"start":{"line":3,"column":0},"end":{"line":3,"column":29}},"2":{"start":{"line":8,"column":0},"end":{"line":68,"column":1}},"3":{"start":{"line":10,"column":1},"end":{"line":10,"column":18}},"4":{"start":{"line":11,"column":1},"end":{"line":11,"column":15}},"5":{"start":{"line":13,"column":1},"end":{"line":15,"column":2}},"6":{"start":{"line":14,"column":2},"end":{"line":14,"column":27}},"7":{"start":{"line":17,"column":1},"end":{"line":22,"column":2}},"8":{"start":{"line":18,"column":2},"end":{"line":18,"column":28}},"9":{"start":{"line":19,"column":2},"end":{"line":19,"column":26}},"10":{"start":{"line":20,"column":2},"end":{"line":20,"column":19}},"11":{"start":{"line":21,"column":2},"end":{"line":21,"column":14}},"12":{"start":{"line":24,"column":1},"end":{"line":37,"column":2}},"13":{"start":{"line":25,"column":2},"end":{"line":25,"column":28}},"14":{"start":{"line":26,"column":2},"end":{"line":36,"column":3}},"15":{"start":{"line":27,"column":3},"end":{"line":27,"column":27}},"16":{"start":{"line":28,"column":3},"end":{"line":30,"column":4}},"17":{"start":{"line":29,"column":4},"end":{"line":29,"column":32}},"18":{"start":{"line":31,"column":3},"end":{"line":31,"column":25}},"19":{"start":{"line":34,"column":3},"end":{"line":34,"column":20}},"20":{"start":{"line":35,"column":3},"end":{"line":35,"column":15}},"21":{"start":{"line":39,"column":1},"end":{"line":41,"column":2}},"22":{"start":{"line":40,"column":2},"end":{"line":40,"column":19}},"23":{"start":{"line":43,"column":1},"end":{"line":45,"column":2}},"24":{"start":{"line":44,"column":2},"end":{"line":44,"column":19}},"25":{"start":{"line":48,"column":1},"end":{"line":53,"column":2}},"26":{"start":{"line":49,"column":2},"end":{"line":52,"column":3}},"27":{"start":{"line":50,"column":3},"end":{"line":50,"column":35}},"28":{"start":{"line":51,"column":3},"end":{"line":51,"column":15}},"29":{"start":{"line":56,"column":1},"end":{"line":67,"column":2}},"30":{"start":{"line":57,"column":2},"end":{"line":57,"column":15}},"31":{"start":{"line":58,"column":2},"end":{"line":65,"column":3}},"32":{"start":{"line":59,"column":3},"end":{"line":59,"column":27}},"33":{"start":{"line":60,"column":3},"end":{"line":63,"column":4}},"34":{"start":{"line":61,"column":4},"end":{"line":61,"column":33}},"35":{"start":{"line":62,"column":4},"end":{"line":62,"column":32}},"36":{"start":{"line":64,"column":3},"end":{"line":64,"column":32}},"37":{"start":{"line":66,"column":2},"end":{"line":66,"column":13}},"38":{"start":{"line":70,"column":0},"end":{"line":70,"column":34}}},"branchMap":{"1":{"line":26,"type":"if","locations":[{"start":{"line":26,"column":2},"end":{"line":26,"column":2}},{"start":{"line":26,"column":2},"end":{"line":26,"column":2}}]},"2":{"line":49,"type":"if","locations":[{"start":{"line":49,"column":2},"end":{"line":49,"column":2}},{"start":{"line":49,"column":2},"end":{"line":49,"column":2}}]},"3":{"line":58,"type":"if","locations":[{"start":{"line":58,"column":2},"end":{"line":58,"column":2}},{"start":{"line":58,"column":2},"end":{"line":58,"column":2}}]}}},"/Users/tnguyen/dsa.js/lib/stack.js":{"path":"/Users/tnguyen/dsa.js/lib/stack.js","s":{"1":1,"2":1,"3":1,"4":1,"5":1,"6":1,"7":1,"8":5,"9":1,"10":0,"11":1,"12":0,"13":1,"14":2,"15":1,"16":2,"17":2,"18":1},"b":{},"f":{"1":1,"2":1,"3":5,"4":0,"5":0,"6":2,"7":2},"fnMap":{"1":{"name":"Stack","line":6,"loc":{"start":{"line":6,"column":0},"end":{"line":6,"column":16}}},"2":{"name":"(anonymous_2)","line":8,"loc":{"start":{"line":8,"column":12},"end":{"line":8,"column":22}}},"3":{"name":"(anonymous_3)","line":11,"loc":{"start":{"line":11,"column":13},"end":{"line":11,"column":27}}},"4":{"name":"(anonymous_4)","line":14,"loc":{"start":{"line":14,"column":13},"end":{"line":14,"column":23}}},"5":{"name":"(anonymous_5)","line":17,"loc":{"start":{"line":17,"column":16},"end":{"line":17,"column":26}}},"6":{"name":"(anonymous_6)","line":20,"loc":{"start":{"line":20,"column":15},"end":{"line":20,"column":25}}},"7":{"name":"(anonymous_7)","line":23,"loc":{"start":{"line":23,"column":14},"end":{"line":23,"column":24}}}},"statementMap":{"1":{"start":{"line":3,"column":0},"end":{"line":3,"column":18}},"2":{"start":{"line":4,"column":0},"end":{"line":4,"column":18}},"3":{"start":{"line":6,"column":0},"end":{"line":27,"column":1}},"4":{"start":{"line":7,"column":1},"end":{"line":7,"column":26}},"5":{"start":{"line":8,"column":1},"end":{"line":10,"column":3}},"6":{"start":{"line":9,"column":2},"end":{"line":9,"column":26}},"7":{"start":{"line":11,"column":1},"end":{"line":13,"column":3}},"8":{"start":{"line":12,"column":2},"end":{"line":12,"column":31}},"9":{"start":{"line":14,"column":1},"end":{"line":16,"column":3}},"10":{"start":{"line":15,"column":2},"end":{"line":15,"column":27}},"11":{"start":{"line":17,"column":1},"end":{"line":19,"column":2}},"12":{"start":{"line":18,"column":2},"end":{"line":18,"column":35}},"13":{"start":{"line":20,"column":1},"end":{"line":22,"column":3}},"14":{"start":{"line":21,"column":2},"end":{"line":21,"column":20}},"15":{"start":{"line":23,"column":1},"end":{"line":26,"column":2}},"16":{"start":{"line":24,"column":2},"end":{"line":24,"column":18}},"17":{"start":{"line":25,"column":2},"end":{"line":25,"column":20}},"18":{"start":{"line":29,"column":0},"end":{"line":29,"column":23}}},"branchMap":{}}}