{"/Users/tnguyen/dsa.js/lib/node.js":{"path":"/Users/tnguyen/dsa.js/lib/node.js","s":{"1":1,"2":8,"3":8,"4":8,"5":19,"6":8,"7":21,"8":8,"9":14,"10":8,"11":1,"12":8,"13":7,"14":1},"b":{"1":[8,0],"2":[8,8]},"f":{"1":8,"2":19,"3":21,"4":14,"5":1,"6":7},"fnMap":{"1":{"name":"(anonymous_1)","line":3,"loc":{"start":{"line":3,"column":11},"end":{"line":3,"column":32}}},"2":{"name":"(anonymous_2)","line":8,"loc":{"start":{"line":8,"column":16},"end":{"line":8,"column":26}}},"3":{"name":"(anonymous_3)","line":12,"loc":{"start":{"line":12,"column":17},"end":{"line":12,"column":27}}},"4":{"name":"(anonymous_4)","line":16,"loc":{"start":{"line":16,"column":16},"end":{"line":16,"column":26}}},"5":{"name":"(anonymous_5)","line":20,"loc":{"start":{"line":20,"column":17},"end":{"line":20,"column":32}}},"6":{"name":"(anonymous_6)","line":24,"loc":{"start":{"line":24,"column":16},"end":{"line":24,"column":31}}}},"statementMap":{"1":{"start":{"line":3,"column":0},"end":{"line":27,"column":1}},"2":{"start":{"line":5,"column":1},"end":{"line":5,"column":28}},"3":{"start":{"line":6,"column":1},"end":{"line":6,"column":26}},"4":{"start":{"line":8,"column":1},"end":{"line":10,"column":2}},"5":{"start":{"line":9,"column":2},"end":{"line":9,"column":28}},"6":{"start":{"line":12,"column":1},"end":{"line":14,"column":2}},"7":{"start":{"line":13,"column":2},"end":{"line":13,"column":20}},"8":{"start":{"line":16,"column":1},"end":{"line":18,"column":2}},"9":{"start":{"line":17,"column":2},"end":{"line":17,"column":19}},"10":{"start":{"line":20,"column":1},"end":{"line":22,"column":2}},"11":{"start":{"line":21,"column":2},"end":{"line":21,"column":21}},"12":{"start":{"line":24,"column":1},"end":{"line":26,"column":2}},"13":{"start":{"line":25,"column":2},"end":{"line":25,"column":20}},"14":{"start":{"line":29,"column":0},"end":{"line":29,"column":22}}},"branchMap":{"1":{"line":5,"type":"binary-expr","locations":[{"start":{"line":5,"column":14},"end":{"line":5,"column":19}},{"start":{"line":5,"column":23},"end":{"line":5,"column":27}}]},"2":{"line":6,"type":"binary-expr","locations":[{"start":{"line":6,"column":13},"end":{"line":6,"column":17}},{"start":{"line":6,"column":21},"end":{"line":6,"column":25}}]}}},"/Users/tnguyen/dsa.js/lib/queue.js":{"path":"/Users/tnguyen/dsa.js/lib/queue.js","s":{"1":1,"2":1,"3":1,"4":1,"5":1,"6":2,"7":1,"8":11,"9":1,"10":1,"11":1,"12":0,"13":1,"14":0,"15":1,"16":5,"17":1,"18":3,"19":3,"20":1},"b":{},"f":{"1":1,"2":2,"3":11,"4":1,"5":0,"6":0,"7":5,"8":3},"fnMap":{"1":{"name":"Queue","line":6,"loc":{"start":{"line":6,"column":0},"end":{"line":6,"column":16}}},"2":{"name":"(anonymous_2)","line":8,"loc":{"start":{"line":8,"column":16},"end":{"line":8,"column":26}}},"3":{"name":"(anonymous_3)","line":12,"loc":{"start":{"line":12,"column":16},"end":{"line":12,"column":30}}},"4":{"name":"(anonymous_4)","line":15,"loc":{"start":{"line":15,"column":13},"end":{"line":15,"column":23}}},"5":{"name":"(anonymous_5)","line":18,"loc":{"start":{"line":18,"column":13},"end":{"line":18,"column":23}}},"6":{"name":"(anonymous_6)","line":21,"loc":{"start":{"line":21,"column":16},"end":{"line":21,"column":26}}},"7":{"name":"(anonymous_7)","line":24,"loc":{"start":{"line":24,"column":15},"end":{"line":24,"column":25}}},"8":{"name":"(anonymous_8)","line":27,"loc":{"start":{"line":27,"column":14},"end":{"line":27,"column":24}}}},"statementMap":{"1":{"start":{"line":3,"column":0},"end":{"line":3,"column":18}},"2":{"start":{"line":4,"column":0},"end":{"line":4,"column":18}},"3":{"start":{"line":6,"column":0},"end":{"line":31,"column":1}},"4":{"start":{"line":7,"column":1},"end":{"line":7,"column":26}},"5":{"start":{"line":8,"column":1},"end":{"line":11,"column":3}},"6":{"start":{"line":10,"column":2},"end":{"line":10,"column":28}},"7":{"start":{"line":12,"column":1},"end":{"line":14,"column":3}},"8":{"start":{"line":13,"column":2},"end":{"line":13,"column":31}},"9":{"start":{"line":15,"column":1},"end":{"line":17,"column":2}},"10":{"start":{"line":16,"column":2},"end":{"line":16,"column":23}},"11":{"start":{"line":18,"column":1},"end":{"line":20,"column":3}},"12":{"start":{"line":19,"column":2},"end":{"line":19,"column":27}},"13":{"start":{"line":21,"column":1},"end":{"line":23,"column":2}},"14":{"start":{"line":22,"column":2},"end":{"line":22,"column":35}},"15":{"start":{"line":24,"column":1},"end":{"line":26,"column":3}},"16":{"start":{"line":25,"column":2},"end":{"line":25,"column":20}},"17":{"start":{"line":27,"column":1},"end":{"line":30,"column":2}},"18":{"start":{"line":28,"column":2},"end":{"line":28,"column":18}},"19":{"start":{"line":29,"column":2},"end":{"line":29,"column":20}},"20":{"start":{"line":33,"column":0},"end":{"line":33,"column":23}}},"branchMap":{}},"/Users/tnguyen/dsa.js/lib/util.js":{"path":"/Users/tnguyen/dsa.js/lib/util.js","s":{"1":1,"2":0,"3":1},"b":{},"f":{"1":0},"fnMap":{"1":{"name":"Util","line":3,"loc":{"start":{"line":3,"column":0},"end":{"line":3,"column":15}}}},"statementMap":{"1":{"start":{"line":3,"column":0},"end":{"line":5,"column":1}},"2":{"start":{"line":4,"column":1},"end":{"line":4,"column":8}},"3":{"start":{"line":7,"column":0},"end":{"line":7,"column":22}}},"branchMap":{}},"/Users/tnguyen/dsa.js/lib/list.js":{"path":"/Users/tnguyen/dsa.js/lib/list.js","s":{},"b":{},"f":{},"fnMap":{},"statementMap":{},"branchMap":{}},"/Users/tnguyen/dsa.js/lib/singly-linked-list.js":{"path":"/Users/tnguyen/dsa.js/lib/singly-linked-list.js","s":{"1":1,"2":1,"3":2,"4":2,"5":2,"6":2,"7":9,"8":2,"9":4,"10":4,"11":1,"12":1,"13":3,"14":3,"15":4,"16":2,"17":3,"18":3,"19":1,"20":1,"21":2,"22":3,"23":2,"24":2,"25":2,"26":0,"27":2,"28":3,"29":2,"30":1,"31":0,"32":1,"33":1,"34":2,"35":0,"36":0,"37":0,"38":0,"39":0,"40":0,"41":0,"42":0,"43":2,"44":6,"45":6,"46":6,"47":6,"48":11,"49":11,"50":6,"51":6,"52":1},"b":{"1":[1,3],"2":[1,2],"3":[0,1],"4":[0,0],"5":[6,0]},"f":{"1":2,"2":9,"3":4,"4":3,"5":2,"6":0,"7":3,"8":1,"9":0,"10":6},"fnMap":{"1":{"name":"(anonymous_1)","line":10,"loc":{"start":{"line":10,"column":23},"end":{"line":10,"column":34}}},"2":{"name":"(anonymous_2)","line":16,"loc":{"start":{"line":16,"column":16},"end":{"line":16,"column":26}}},"3":{"name":"(anonymous_3)","line":20,"loc":{"start":{"line":20,"column":17},"end":{"line":20,"column":31}}},"4":{"name":"(anonymous_4)","line":33,"loc":{"start":{"line":33,"column":16},"end":{"line":33,"column":30}}},"5":{"name":"(anonymous_5)","line":45,"loc":{"start":{"line":45,"column":17},"end":{"line":45,"column":27}}},"6":{"name":"(anonymous_6)","line":49,"loc":{"start":{"line":49,"column":16},"end":{"line":49,"column":26}}},"7":{"name":"(anonymous_7)","line":53,"loc":{"start":{"line":53,"column":16},"end":{"line":53,"column":26}}},"8":{"name":"(anonymous_8)","line":58,"loc":{"start":{"line":58,"column":20},"end":{"line":58,"column":30}}},"9":{"name":"(anonymous_9)","line":67,"loc":{"start":{"line":67,"column":19},"end":{"line":67,"column":29}}},"10":{"name":"(anonymous_10)","line":81,"loc":{"start":{"line":81,"column":16},"end":{"line":81,"column":26}}}},"statementMap":{"1":{"start":{"line":3,"column":0},"end":{"line":3,"column":29}},"2":{"start":{"line":10,"column":0},"end":{"line":93,"column":1}},"3":{"start":{"line":12,"column":1},"end":{"line":12,"column":18}},"4":{"start":{"line":13,"column":1},"end":{"line":13,"column":18}},"5":{"start":{"line":14,"column":1},"end":{"line":14,"column":15}},"6":{"start":{"line":16,"column":1},"end":{"line":18,"column":2}},"7":{"start":{"line":17,"column":2},"end":{"line":17,"column":27}},"8":{"start":{"line":20,"column":1},"end":{"line":31,"column":2}},"9":{"start":{"line":21,"column":2},"end":{"line":21,"column":28}},"10":{"start":{"line":22,"column":2},"end":{"line":29,"column":3}},"11":{"start":{"line":23,"column":3},"end":{"line":23,"column":20}},"12":{"start":{"line":24,"column":3},"end":{"line":24,"column":20}},"13":{"start":{"line":27,"column":3},"end":{"line":27,"column":27}},"14":{"start":{"line":28,"column":3},"end":{"line":28,"column":20}},"15":{"start":{"line":30,"column":2},"end":{"line":30,"column":14}},"16":{"start":{"line":33,"column":1},"end":{"line":43,"column":2}},"17":{"start":{"line":34,"column":2},"end":{"line":34,"column":28}},"18":{"start":{"line":35,"column":2},"end":{"line":41,"column":3}},"19":{"start":{"line":36,"column":3},"end":{"line":36,"column":20}},"20":{"start":{"line":37,"column":3},"end":{"line":37,"column":20}},"21":{"start":{"line":40,"column":3},"end":{"line":40,"column":27}},"22":{"start":{"line":42,"column":2},"end":{"line":42,"column":14}},"23":{"start":{"line":45,"column":1},"end":{"line":47,"column":2}},"24":{"start":{"line":46,"column":2},"end":{"line":46,"column":19}},"25":{"start":{"line":49,"column":1},"end":{"line":51,"column":2}},"26":{"start":{"line":50,"column":2},"end":{"line":50,"column":19}},"27":{"start":{"line":53,"column":1},"end":{"line":55,"column":2}},"28":{"start":{"line":54,"column":2},"end":{"line":54,"column":19}},"29":{"start":{"line":58,"column":1},"end":{"line":64,"column":2}},"30":{"start":{"line":59,"column":2},"end":{"line":61,"column":3}},"31":{"start":{"line":60,"column":3},"end":{"line":60,"column":53}},"32":{"start":{"line":62,"column":2},"end":{"line":62,"column":34}},"33":{"start":{"line":63,"column":2},"end":{"line":63,"column":14}},"34":{"start":{"line":67,"column":1},"end":{"line":78,"column":2}},"35":{"start":{"line":68,"column":2},"end":{"line":70,"column":3}},"36":{"start":{"line":69,"column":3},"end":{"line":69,"column":53}},"37":{"start":{"line":71,"column":2},"end":{"line":71,"column":26}},"38":{"start":{"line":72,"column":2},"end":{"line":74,"column":3}},"39":{"start":{"line":73,"column":3},"end":{"line":73,"column":31}},"40":{"start":{"line":75,"column":2},"end":{"line":75,"column":24}},"41":{"start":{"line":76,"column":2},"end":{"line":76,"column":22}},"42":{"start":{"line":77,"column":2},"end":{"line":77,"column":14}},"43":{"start":{"line":81,"column":1},"end":{"line":92,"column":2}},"44":{"start":{"line":82,"column":2},"end":{"line":82,"column":15}},"45":{"start":{"line":83,"column":2},"end":{"line":90,"column":3}},"46":{"start":{"line":84,"column":3},"end":{"line":84,"column":27}},"47":{"start":{"line":85,"column":3},"end":{"line":88,"column":4}},"48":{"start":{"line":86,"column":4},"end":{"line":86,"column":33}},"49":{"start":{"line":87,"column":4},"end":{"line":87,"column":32}},"50":{"start":{"line":89,"column":3},"end":{"line":89,"column":32}},"51":{"start":{"line":91,"column":2},"end":{"line":91,"column":13}},"52":{"start":{"line":95,"column":0},"end":{"line":95,"column":34}}},"branchMap":{"1":{"line":22,"type":"if","locations":[{"start":{"line":22,"column":2},"end":{"line":22,"column":2}},{"start":{"line":22,"column":2},"end":{"line":22,"column":2}}]},"2":{"line":35,"type":"if","locations":[{"start":{"line":35,"column":2},"end":{"line":35,"column":2}},{"start":{"line":35,"column":2},"end":{"line":35,"column":2}}]},"3":{"line":59,"type":"if","locations":[{"start":{"line":59,"column":2},"end":{"line":59,"column":2}},{"start":{"line":59,"column":2},"end":{"line":59,"column":2}}]},"4":{"line":68,"type":"if","locations":[{"start":{"line":68,"column":2},"end":{"line":68,"column":2}},{"start":{"line":68,"column":2},"end":{"line":68,"column":2}}]},"5":{"line":83,"type":"if","locations":[{"start":{"line":83,"column":2},"end":{"line":83,"column":2}},{"start":{"line":83,"column":2},"end":{"line":83,"column":2}}]}}},"/Users/tnguyen/dsa.js/lib/stack.js":{"path":"/Users/tnguyen/dsa.js/lib/stack.js","s":{"1":1,"2":1,"3":1,"4":1,"5":1,"6":1,"7":1,"8":5,"9":1,"10":0,"11":1,"12":0,"13":1,"14":2,"15":1,"16":2,"17":2,"18":1},"b":{},"f":{"1":1,"2":1,"3":5,"4":0,"5":0,"6":2,"7":2},"fnMap":{"1":{"name":"Stack","line":6,"loc":{"start":{"line":6,"column":0},"end":{"line":6,"column":16}}},"2":{"name":"(anonymous_2)","line":8,"loc":{"start":{"line":8,"column":12},"end":{"line":8,"column":22}}},"3":{"name":"(anonymous_3)","line":11,"loc":{"start":{"line":11,"column":13},"end":{"line":11,"column":27}}},"4":{"name":"(anonymous_4)","line":14,"loc":{"start":{"line":14,"column":13},"end":{"line":14,"column":23}}},"5":{"name":"(anonymous_5)","line":17,"loc":{"start":{"line":17,"column":16},"end":{"line":17,"column":26}}},"6":{"name":"(anonymous_6)","line":20,"loc":{"start":{"line":20,"column":15},"end":{"line":20,"column":25}}},"7":{"name":"(anonymous_7)","line":23,"loc":{"start":{"line":23,"column":14},"end":{"line":23,"column":24}}}},"statementMap":{"1":{"start":{"line":3,"column":0},"end":{"line":3,"column":18}},"2":{"start":{"line":4,"column":0},"end":{"line":4,"column":18}},"3":{"start":{"line":6,"column":0},"end":{"line":27,"column":1}},"4":{"start":{"line":7,"column":1},"end":{"line":7,"column":26}},"5":{"start":{"line":8,"column":1},"end":{"line":10,"column":3}},"6":{"start":{"line":9,"column":2},"end":{"line":9,"column":26}},"7":{"start":{"line":11,"column":1},"end":{"line":13,"column":3}},"8":{"start":{"line":12,"column":2},"end":{"line":12,"column":31}},"9":{"start":{"line":14,"column":1},"end":{"line":16,"column":3}},"10":{"start":{"line":15,"column":2},"end":{"line":15,"column":27}},"11":{"start":{"line":17,"column":1},"end":{"line":19,"column":2}},"12":{"start":{"line":18,"column":2},"end":{"line":18,"column":35}},"13":{"start":{"line":20,"column":1},"end":{"line":22,"column":3}},"14":{"start":{"line":21,"column":2},"end":{"line":21,"column":20}},"15":{"start":{"line":23,"column":1},"end":{"line":26,"column":2}},"16":{"start":{"line":24,"column":2},"end":{"line":24,"column":18}},"17":{"start":{"line":25,"column":2},"end":{"line":25,"column":20}},"18":{"start":{"line":29,"column":0},"end":{"line":29,"column":23}}},"branchMap":{}}}