TN:
SF:/Users/tnguyen/dsa.js/lib/node.js
FN:3,(anonymous_1)
FN:8,(anonymous_2)
FN:12,(anonymous_3)
FN:16,(anonymous_4)
FN:20,(anonymous_5)
FN:24,(anonymous_6)
FNF:6
FNH:6
FNDA:8,(anonymous_1)
FNDA:25,(anonymous_2)
FNDA:31,(anonymous_3)
FNDA:26,(anonymous_4)
FNDA:1,(anonymous_5)
FNDA:10,(anonymous_6)
DA:3,1
DA:5,8
DA:6,8
DA:8,8
DA:9,25
DA:12,8
DA:13,31
DA:16,8
DA:17,26
DA:20,8
DA:21,1
DA:24,8
DA:25,10
DA:29,1
LF:14
LH:14
BRDA:5,1,0,8
BRDA:5,1,1,0
BRDA:6,2,0,8
BRDA:6,2,1,8
BRF:4
BRH:3
end_of_record
TN:
SF:/Users/tnguyen/dsa.js/lib/queue.js
FN:6,Queue
FN:8,(anonymous_2)
FN:12,(anonymous_3)
FN:15,(anonymous_4)
FN:18,(anonymous_5)
FN:21,(anonymous_6)
FN:24,(anonymous_7)
FN:27,(anonymous_8)
FNF:8
FNH:6
FNDA:1,Queue
FNDA:2,(anonymous_2)
FNDA:11,(anonymous_3)
FNDA:1,(anonymous_4)
FNDA:0,(anonymous_5)
FNDA:0,(anonymous_6)
FNDA:5,(anonymous_7)
FNDA:3,(anonymous_8)
DA:3,1
DA:4,1
DA:6,1
DA:7,1
DA:8,1
DA:10,2
DA:12,1
DA:13,11
DA:15,1
DA:16,1
DA:18,1
DA:19,0
DA:21,1
DA:22,0
DA:24,1
DA:25,5
DA:27,1
DA:28,3
DA:29,3
DA:33,1
LF:20
LH:18
BRF:0
BRH:0
end_of_record
TN:
SF:/Users/tnguyen/dsa.js/lib/util.js
FN:3,Util
FNF:1
FNH:0
FNDA:0,Util
DA:3,1
DA:4,0
DA:7,1
LF:3
LH:2
BRF:0
BRH:0
end_of_record
TN:
SF:/Users/tnguyen/dsa.js/lib/list.js
FNF:0
FNH:0
LF:0
LH:0
BRF:0
BRH:0
end_of_record
TN:
SF:/Users/tnguyen/dsa.js/lib/singly-linked-list.js
FN:10,(anonymous_1)
FN:16,(anonymous_2)
FN:20,(anonymous_3)
FN:33,(anonymous_4)
FN:46,(anonymous_5)
FN:50,(anonymous_6)
FN:54,(anonymous_7)
FN:59,(anonymous_8)
FN:68,(anonymous_9)
FN:88,(anonymous_10)
FNF:10
FNH:10
FNDA:2,(anonymous_1)
FNDA:14,(anonymous_2)
FNDA:4,(anonymous_3)
FNDA:3,(anonymous_4)
FNDA:2,(anonymous_5)
FNDA:4,(anonymous_6)
FNDA:7,(anonymous_7)
FNDA:1,(anonymous_8)
FNDA:5,(anonymous_9)
FNDA:10,(anonymous_10)
DA:3,1
DA:10,1
DA:12,2
DA:13,2
DA:14,2
DA:16,2
DA:17,14
DA:20,2
DA:21,4
DA:22,4
DA:23,1
DA:24,1
DA:27,3
DA:28,3
DA:30,4
DA:33,2
DA:34,3
DA:35,3
DA:36,1
DA:37,1
DA:40,2
DA:41,2
DA:43,3
DA:46,2
DA:47,2
DA:50,2
DA:51,4
DA:54,2
DA:55,7
DA:59,2
DA:60,1
DA:61,0
DA:63,1
DA:64,1
DA:68,2
DA:69,5
DA:70,1
DA:72,4
DA:73,1
DA:74,1
DA:75,1
DA:76,1
DA:78,3
DA:79,3
DA:80,3
DA:82,3
DA:83,3
DA:84,3
DA:88,2
DA:89,10
DA:90,10
DA:91,9
DA:92,9
DA:93,14
DA:94,14
DA:96,9
DA:98,10
DA:102,1
LF:58
LH:57
BRDA:22,1,0,1
BRDA:22,1,1,3
BRDA:35,2,0,1
BRDA:35,2,1,2
BRDA:60,3,0,0
BRDA:60,3,1,1
BRDA:69,4,0,1
BRDA:69,4,1,4
BRDA:72,5,0,1
BRDA:72,5,1,3
BRDA:90,6,0,9
BRDA:90,6,1,1
BRF:12
BRH:11
end_of_record
TN:
SF:/Users/tnguyen/dsa.js/lib/stack.js
FN:6,Stack
FN:8,(anonymous_2)
FN:11,(anonymous_3)
FN:14,(anonymous_4)
FN:17,(anonymous_5)
FN:20,(anonymous_6)
FN:23,(anonymous_7)
FNF:7
FNH:5
FNDA:1,Stack
FNDA:1,(anonymous_2)
FNDA:5,(anonymous_3)
FNDA:0,(anonymous_4)
FNDA:0,(anonymous_5)
FNDA:2,(anonymous_6)
FNDA:2,(anonymous_7)
DA:3,1
DA:4,1
DA:6,1
DA:7,1
DA:8,1
DA:9,1
DA:11,1
DA:12,5
DA:14,1
DA:15,0
DA:17,1
DA:18,0
DA:20,1
DA:21,2
DA:23,1
DA:24,2
DA:25,2
DA:29,1
LF:18
LH:16
BRF:0
BRH:0
end_of_record
